<?xml version="1.0" encoding="UTF-8"?>
<testsuite name="com.motycka.edu.game.account.AccountControllerTest" tests="1" skipped="0" failures="1" errors="0" timestamp="2025-03-01T04:31:46" hostname="Levans-MacBook-Pro-3.local" time="0.161">
  <properties/>
  <testcase name="postAccount should create account()" classname="com.motycka.edu.game.account.AccountControllerTest" time="0.161">
    <failure message="java.lang.AssertionError: Status expected:&lt;200&gt; but was:&lt;401&gt;" type="java.lang.AssertionError">java.lang.AssertionError: Status expected:&lt;200&gt; but was:&lt;401&gt;
	at org.springframework.test.util.AssertionErrors.fail(AssertionErrors.java:59)
	at org.springframework.test.util.AssertionErrors.assertEquals(AssertionErrors.java:122)
	at org.springframework.test.web.servlet.result.StatusResultMatchers.lambda$matcher$9(StatusResultMatchers.java:637)
	at org.springframework.test.web.servlet.MockMvc$1.andExpect(MockMvc.java:214)
	at com.motycka.edu.game.account.AccountControllerTest.postAccount should create account(AccountControllerTest.kt:57)
	at java.base/java.lang.reflect.Method.invoke(Method.java:580)
	at java.base/java.util.ArrayList.forEach(ArrayList.java:1596)
	at java.base/java.util.ArrayList.forEach(ArrayList.java:1596)
</failure>
  </testcase>
  <system-out><![CDATA[2025-03-01T11:31:45.983+07:00  INFO 71908 --- [    Test worker] t.c.s.AnnotationConfigContextLoaderUtils : Could not detect default configuration classes for test class [com.motycka.edu.game.account.AccountControllerTest]: AccountControllerTest does not declare any static, non-private, non-final, nested classes annotated with @Configuration.
2025-03-01T11:31:45.993+07:00  INFO 71908 --- [    Test worker] .b.t.c.SpringBootTestContextBootstrapper : Found @SpringBootConfiguration com.motycka.edu.GameApplication for test class com.motycka.edu.game.account.AccountControllerTest

  .   ____          _            __ _ _
 /\\ / ___'_ __ _ _(_)_ __  __ _ \ \ \ \
( ( )\___ | '_ | '_| | '_ \/ _` | \ \ \ \
 \\/  ___)| |_)| | | | | || (_| |  ) ) ) )
  '  |____| .__|_| |_|_| |_\__, | / / / /
 =========|_|==============|___/=/_/_/_/
 :: Spring Boot ::                (v3.2.2)

2025-03-01T11:31:46.008+07:00  INFO 71908 --- [    Test worker] c.m.e.g.account.AccountControllerTest    : Starting AccountControllerTest using Java 21.0.6 with PID 71908 (started by levandalbashvili in /Users/levandalbashvili/Documents/GitHub/fantasy-space-game)
2025-03-01T11:31:46.008+07:00  INFO 71908 --- [    Test worker] c.m.e.g.account.AccountControllerTest    : No active profile set, falling back to 1 default profile: "default"
2025-03-01T11:31:46.730+07:00  INFO 71908 --- [    Test worker] o.s.b.a.w.s.WelcomePageHandlerMapping    : Adding welcome page: class path resource [static/index.html]
2025-03-01T11:31:46.818+07:00  WARN 71908 --- [    Test worker] .s.s.UserDetailsServiceAutoConfiguration : 

Using generated security password: 6090225b-7b9e-4ffb-9290-0467c00c385a

This generated password is for development use only. Your security configuration must be updated before running your application in production.

2025-03-01T11:31:46.859+07:00  INFO 71908 --- [    Test worker] o.s.s.web.DefaultSecurityFilterChain     : Will secure any request with [org.springframework.security.web.session.DisableEncodeUrlFilter@7b364f47, org.springframework.security.web.context.request.async.WebAsyncManagerIntegrationFilter@5c8d631, org.springframework.security.web.context.SecurityContextHolderFilter@1f235a0a, org.springframework.security.web.header.HeaderWriterFilter@3f2ab6ec, org.springframework.web.filter.CorsFilter@3d42b756, org.springframework.security.web.csrf.CsrfFilter@475eb4fd, org.springframework.security.web.authentication.logout.LogoutFilter@7d4135c9, org.springframework.security.web.authentication.UsernamePasswordAuthenticationFilter@68e094c9, org.springframework.security.web.authentication.ui.DefaultLoginPageGeneratingFilter@166d576b, org.springframework.security.web.authentication.ui.DefaultLogoutPageGeneratingFilter@7c93e69, org.springframework.security.web.authentication.www.BasicAuthenticationFilter@7fb02606, org.springframework.security.web.savedrequest.RequestCacheAwareFilter@1a0b4955, org.springframework.security.web.servletapi.SecurityContextHolderAwareRequestFilter@3435a4e5, org.springframework.security.web.authentication.AnonymousAuthenticationFilter@4e4c05a0, org.springframework.security.web.access.ExceptionTranslationFilter@6b6f73d, org.springframework.security.web.access.intercept.AuthorizationFilter@7e366c6f]
2025-03-01T11:31:46.874+07:00  INFO 71908 --- [    Test worker] o.s.b.t.m.w.SpringBootMockServletContext : Initializing Spring TestDispatcherServlet ''
2025-03-01T11:31:46.874+07:00  INFO 71908 --- [    Test worker] o.s.t.web.servlet.TestDispatcherServlet  : Initializing Servlet ''
2025-03-01T11:31:46.875+07:00  INFO 71908 --- [    Test worker] o.s.t.web.servlet.TestDispatcherServlet  : Completed initialization in 1 ms
2025-03-01T11:31:46.894+07:00  INFO 71908 --- [    Test worker] c.m.e.g.account.AccountControllerTest    : Started AccountControllerTest in 0.887 seconds (process running for 1.747)

MockHttpServletRequest:
      HTTP Method = POST
      Request URI = /api/accounts
       Parameters = {_csrf=[FDff9GjROSW6ivEJh3vp0ioJSx92kBsTyVwiT2nvw4tJeYQiIwe9xlrkW0GX7sg841bd4RJrZiZF9CM--m9HfAiN9e5xG7FB]}
          Headers = [Content-Type:"application/json;charset=UTF-8", Content-Length:"69"]
             Body = {"name":"The Developer","username":"developer","password":"password"}
    Session Attrs = {}

Handler:
             Type = null

Async:
    Async started = false
     Async result = null

Resolved Exception:
             Type = null

ModelAndView:
        View name = null
             View = null
            Model = null

FlashMap:
       Attributes = null

MockHttpServletResponse:
           Status = 401
    Error message = Unauthorized
          Headers = [Vary:"Origin", "Access-Control-Request-Method", "Access-Control-Request-Headers", WWW-Authenticate:"Basic realm="Realm"", X-Content-Type-Options:"nosniff", X-XSS-Protection:"0", Cache-Control:"no-cache, no-store, max-age=0, must-revalidate", Pragma:"no-cache", Expires:"0", X-Frame-Options:"DENY"]
     Content type = null
             Body = 
    Forwarded URL = null
   Redirected URL = null
          Cookies = []
]]></system-out>
  <system-err><![CDATA[WARNING: A Java agent has been loaded dynamically (/Users/levandalbashvili/.gradle/caches/modules-2/files-2.1/net.bytebuddy/byte-buddy-agent/1.14.11/f9cb566608fbac6bc7bf54901a7aa11543a989ee/byte-buddy-agent-1.14.11.jar)
WARNING: If a serviceability tool is in use, please run with -XX:+EnableDynamicAgentLoading to hide this warning
WARNING: If a serviceability tool is not in use, please run with -Djdk.instrument.traceUsage for more information
WARNING: Dynamic loading of agents will be disallowed by default in a future release
]]></system-err>
</testsuite>
