<!DOCTYPE html>
<html>
<head>
<meta http-equiv="Content-Type" content="text/html; charset=utf-8"/>
<meta http-equiv="x-ua-compatible" content="IE=edge"/>
<title>Test results - AccountControllerTest</title>
<link href="../css/base-style.css" rel="stylesheet" type="text/css"/>
<link href="../css/style.css" rel="stylesheet" type="text/css"/>
<script src="../js/report.js" type="text/javascript"></script>
</head>
<body>
<div id="content">
<h1>AccountControllerTest</h1>
<div class="breadcrumbs">
<a href="../index.html">all</a> &gt; 
<a href="../packages/com.motycka.edu.game.account.html">com.motycka.edu.game.account</a> &gt; AccountControllerTest</div>
<div id="summary">
<table>
<tr>
<td>
<div class="summaryGroup">
<table>
<tr>
<td>
<div class="infoBox" id="tests">
<div class="counter">1</div>
<p>tests</p>
</div>
</td>
<td>
<div class="infoBox" id="failures">
<div class="counter">1</div>
<p>failures</p>
</div>
</td>
<td>
<div class="infoBox" id="ignored">
<div class="counter">0</div>
<p>ignored</p>
</div>
</td>
<td>
<div class="infoBox" id="duration">
<div class="counter">0.161s</div>
<p>duration</p>
</div>
</td>
</tr>
</table>
</div>
</td>
<td>
<div class="infoBox failures" id="successRate">
<div class="percent">0%</div>
<p>successful</p>
</div>
</td>
</tr>
</table>
</div>
<div id="tabs">
<ul class="tabLinks">
<li>
<a href="#tab0">Failed tests</a>
</li>
<li>
<a href="#tab1">Tests</a>
</li>
<li>
<a href="#tab2">Standard output</a>
</li>
<li>
<a href="#tab3">Standard error</a>
</li>
</ul>
<div id="tab0" class="tab">
<h2>Failed tests</h2>
<div class="test">
<a name="postAccount should create account()"></a>
<h3 class="failures">postAccount should create account()</h3>
<span class="code">
<pre>java.lang.AssertionError: Status expected:&lt;200&gt; but was:&lt;401&gt;
	at org.springframework.test.util.AssertionErrors.fail(AssertionErrors.java:59)
	at org.springframework.test.util.AssertionErrors.assertEquals(AssertionErrors.java:122)
	at org.springframework.test.web.servlet.result.StatusResultMatchers.lambda$matcher$9(StatusResultMatchers.java:637)
	at org.springframework.test.web.servlet.MockMvc$1.andExpect(MockMvc.java:214)
	at com.motycka.edu.game.account.AccountControllerTest.postAccount should create account(AccountControllerTest.kt:57)
	at java.base/java.lang.reflect.Method.invoke(Method.java:580)
	at java.base/java.util.ArrayList.forEach(ArrayList.java:1596)
	at java.base/java.util.ArrayList.forEach(ArrayList.java:1596)
</pre>
</span>
</div>
</div>
<div id="tab1" class="tab">
<h2>Tests</h2>
<table>
<thead>
<tr>
<th>Test</th>
<th>Duration</th>
<th>Result</th>
</tr>
</thead>
<tr>
<td class="failures">postAccount should create account()</td>
<td class="failures">0.161s</td>
<td class="failures">failed</td>
</tr>
</table>
</div>
<div id="tab2" class="tab">
<h2>Standard output</h2>
<span class="code">
<pre>2025-03-01T11:31:45.983+07:00  INFO 71908 --- [    Test worker] t.c.s.AnnotationConfigContextLoaderUtils : Could not detect default configuration classes for test class [com.motycka.edu.game.account.AccountControllerTest]: AccountControllerTest does not declare any static, non-private, non-final, nested classes annotated with @Configuration.
2025-03-01T11:31:45.993+07:00  INFO 71908 --- [    Test worker] .b.t.c.SpringBootTestContextBootstrapper : Found @SpringBootConfiguration com.motycka.edu.GameApplication for test class com.motycka.edu.game.account.AccountControllerTest

  .   ____          _            __ _ _
 /\\ / ___'_ __ _ _(_)_ __  __ _ \ \ \ \
( ( )\___ | '_ | '_| | '_ \/ _` | \ \ \ \
 \\/  ___)| |_)| | | | | || (_| |  ) ) ) )
  '  |____| .__|_| |_|_| |_\__, | / / / /
 =========|_|==============|___/=/_/_/_/
 :: Spring Boot ::                (v3.2.2)

2025-03-01T11:31:46.008+07:00  INFO 71908 --- [    Test worker] c.m.e.g.account.AccountControllerTest    : Starting AccountControllerTest using Java 21.0.6 with PID 71908 (started by levandalbashvili in /Users/levandalbashvili/Documents/GitHub/fantasy-space-game)
2025-03-01T11:31:46.008+07:00  INFO 71908 --- [    Test worker] c.m.e.g.account.AccountControllerTest    : No active profile set, falling back to 1 default profile: &quot;default&quot;
2025-03-01T11:31:46.730+07:00  INFO 71908 --- [    Test worker] o.s.b.a.w.s.WelcomePageHandlerMapping    : Adding welcome page: class path resource [static/index.html]
2025-03-01T11:31:46.818+07:00  WARN 71908 --- [    Test worker] .s.s.UserDetailsServiceAutoConfiguration : 

Using generated security password: 6090225b-7b9e-4ffb-9290-0467c00c385a

This generated password is for development use only. Your security configuration must be updated before running your application in production.

2025-03-01T11:31:46.859+07:00  INFO 71908 --- [    Test worker] o.s.s.web.DefaultSecurityFilterChain     : Will secure any request with [org.springframework.security.web.session.DisableEncodeUrlFilter@7b364f47, org.springframework.security.web.context.request.async.WebAsyncManagerIntegrationFilter@5c8d631, org.springframework.security.web.context.SecurityContextHolderFilter@1f235a0a, org.springframework.security.web.header.HeaderWriterFilter@3f2ab6ec, org.springframework.web.filter.CorsFilter@3d42b756, org.springframework.security.web.csrf.CsrfFilter@475eb4fd, org.springframework.security.web.authentication.logout.LogoutFilter@7d4135c9, org.springframework.security.web.authentication.UsernamePasswordAuthenticationFilter@68e094c9, org.springframework.security.web.authentication.ui.DefaultLoginPageGeneratingFilter@166d576b, org.springframework.security.web.authentication.ui.DefaultLogoutPageGeneratingFilter@7c93e69, org.springframework.security.web.authentication.www.BasicAuthenticationFilter@7fb02606, org.springframework.security.web.savedrequest.RequestCacheAwareFilter@1a0b4955, org.springframework.security.web.servletapi.SecurityContextHolderAwareRequestFilter@3435a4e5, org.springframework.security.web.authentication.AnonymousAuthenticationFilter@4e4c05a0, org.springframework.security.web.access.ExceptionTranslationFilter@6b6f73d, org.springframework.security.web.access.intercept.AuthorizationFilter@7e366c6f]
2025-03-01T11:31:46.874+07:00  INFO 71908 --- [    Test worker] o.s.b.t.m.w.SpringBootMockServletContext : Initializing Spring TestDispatcherServlet ''
2025-03-01T11:31:46.874+07:00  INFO 71908 --- [    Test worker] o.s.t.web.servlet.TestDispatcherServlet  : Initializing Servlet ''
2025-03-01T11:31:46.875+07:00  INFO 71908 --- [    Test worker] o.s.t.web.servlet.TestDispatcherServlet  : Completed initialization in 1 ms
2025-03-01T11:31:46.894+07:00  INFO 71908 --- [    Test worker] c.m.e.g.account.AccountControllerTest    : Started AccountControllerTest in 0.887 seconds (process running for 1.747)

MockHttpServletRequest:
      HTTP Method = POST
      Request URI = /api/accounts
       Parameters = {_csrf=[FDff9GjROSW6ivEJh3vp0ioJSx92kBsTyVwiT2nvw4tJeYQiIwe9xlrkW0GX7sg841bd4RJrZiZF9CM--m9HfAiN9e5xG7FB]}
          Headers = [Content-Type:&quot;application/json;charset=UTF-8&quot;, Content-Length:&quot;69&quot;]
             Body = {&quot;name&quot;:&quot;The Developer&quot;,&quot;username&quot;:&quot;developer&quot;,&quot;password&quot;:&quot;password&quot;}
    Session Attrs = {}

Handler:
             Type = null

Async:
    Async started = false
     Async result = null

Resolved Exception:
             Type = null

ModelAndView:
        View name = null
             View = null
            Model = null

FlashMap:
       Attributes = null

MockHttpServletResponse:
           Status = 401
    Error message = Unauthorized
          Headers = [Vary:&quot;Origin&quot;, &quot;Access-Control-Request-Method&quot;, &quot;Access-Control-Request-Headers&quot;, WWW-Authenticate:&quot;Basic realm=&quot;Realm&quot;&quot;, X-Content-Type-Options:&quot;nosniff&quot;, X-XSS-Protection:&quot;0&quot;, Cache-Control:&quot;no-cache, no-store, max-age=0, must-revalidate&quot;, Pragma:&quot;no-cache&quot;, Expires:&quot;0&quot;, X-Frame-Options:&quot;DENY&quot;]
     Content type = null
             Body = 
    Forwarded URL = null
   Redirected URL = null
          Cookies = []
</pre>
</span>
</div>
<div id="tab3" class="tab">
<h2>Standard error</h2>
<span class="code">
<pre>WARNING: A Java agent has been loaded dynamically (/Users/levandalbashvili/.gradle/caches/modules-2/files-2.1/net.bytebuddy/byte-buddy-agent/1.14.11/f9cb566608fbac6bc7bf54901a7aa11543a989ee/byte-buddy-agent-1.14.11.jar)
WARNING: If a serviceability tool is in use, please run with -XX:+EnableDynamicAgentLoading to hide this warning
WARNING: If a serviceability tool is not in use, please run with -Djdk.instrument.traceUsage for more information
WARNING: Dynamic loading of agents will be disallowed by default in a future release
</pre>
</span>
</div>
</div>
<div id="footer">
<p>
<div>
<label class="hidden" id="label-for-line-wrapping-toggle" for="line-wrapping-toggle">Wrap lines
<input id="line-wrapping-toggle" type="checkbox" autocomplete="off"/>
</label>
</div>Generated by 
<a href="http://www.gradle.org">Gradle 8.10</a> at Mar 1, 2025, 11:31:47â€¯AM</p>
</div>
</div>
</body>
</html>
